<?xml version="1.0" encoding="UTF-8"?>
<testng-results skipped="0" failed="0" ignored="0" total="1" passed="1">
  <reporter-output>
  </reporter-output>
  <suite name="Surefire suite" duration-ms="52408" started-at="2021-05-24T15:27:05Z" finished-at="2021-05-24T15:27:57Z">
    <groups>
      <group name="cucumber">
        <method signature="AbstractTestNGCucumberTests.feature(cucumber.api.testng.CucumberFeatureWrapper)[pri:0, instance:com.db.Runner.TestRunner@12843fce]" name="feature" class="cucumber.api.testng.AbstractTestNGCucumberTests"/>
      </group> <!-- cucumber -->
    </groups>
    <test name="Surefire test" duration-ms="52408" started-at="2021-05-24T15:27:05Z" finished-at="2021-05-24T15:27:57Z">
      <class name="com.db.Runner.TestRunner">
        <test-method status="PASS" signature="setUpClass()[pri:0, instance:com.db.Runner.TestRunner@12843fce]" name="setUpClass" is-config="true" duration-ms="417" started-at="2021-05-24T20:57:05Z" finished-at="2021-05-24T20:57:05Z">
          <reporter-output>
          </reporter-output>
        </test-method> <!-- setUpClass -->
        <test-method status="PASS" signature="feature(cucumber.api.testng.CucumberFeatureWrapper)[pri:0, instance:com.db.Runner.TestRunner@12843fce]" name="feature" duration-ms="51601" started-at="2021-05-24T20:57:05Z" description="Runs Cucumber Feature" data-provider="features" finished-at="2021-05-24T20:57:57Z">
          <params>
            <param index="0">
              <value>
                <![CDATA[Profile Page Validation]]>
              </value>
            </param>
          </params>
          <reporter-output>
          </reporter-output>
        </test-method> <!-- feature -->
        <test-method status="PASS" signature="tearDownClass()[pri:0, instance:com.db.Runner.TestRunner@12843fce]" name="tearDownClass" is-config="true" duration-ms="187" started-at="2021-05-24T20:57:57Z" finished-at="2021-05-24T20:57:57Z">
          <reporter-output>
          </reporter-output>
        </test-method> <!-- tearDownClass -->
      </class> <!-- com.db.Runner.TestRunner -->
    </test> <!-- Surefire test -->
  </suite> <!-- Surefire suite -->
</testng-results>
