<?xml version="1.0" encoding="UTF-8"?>
<testng-results skipped="0" failed="0" ignored="0" total="1" passed="1">
  <reporter-output>
  </reporter-output>
  <suite name="Default suite" duration-ms="76457" started-at="2021-05-24T05:38:18Z" finished-at="2021-05-24T05:39:35Z">
    <groups>
      <group name="cucumber">
        <method signature="AbstractTestNGCucumberTests.feature(cucumber.api.testng.CucumberFeatureWrapper)[pri:0, instance:com.db.Runner.TestRunner@589da3f3]" name="feature" class="cucumber.api.testng.AbstractTestNGCucumberTests"/>
      </group> <!-- cucumber -->
    </groups>
    <test name="Default test" duration-ms="76457" started-at="2021-05-24T05:38:18Z" finished-at="2021-05-24T05:39:35Z">
      <class name="com.db.Runner.TestRunner">
        <test-method status="PASS" signature="setUpClass()[pri:0, instance:com.db.Runner.TestRunner@589da3f3]" name="setUpClass" is-config="true" duration-ms="430" started-at="2021-05-24T11:08:18Z" finished-at="2021-05-24T11:08:19Z">
          <reporter-output>
          </reporter-output>
        </test-method> <!-- setUpClass -->
        <test-method status="PASS" signature="feature(cucumber.api.testng.CucumberFeatureWrapper)[pri:0, instance:com.db.Runner.TestRunner@589da3f3]" name="feature" duration-ms="75731" started-at="2021-05-24T11:08:19Z" description="Runs Cucumber Feature" data-provider="features" finished-at="2021-05-24T11:09:35Z">
          <params>
            <param index="0">
              <value>
                <![CDATA[Profile Page Validation]]>
              </value>
            </param>
          </params>
          <reporter-output>
          </reporter-output>
        </test-method> <!-- feature -->
        <test-method status="PASS" signature="tearDownClass()[pri:0, instance:com.db.Runner.TestRunner@589da3f3]" name="tearDownClass" is-config="true" duration-ms="132" started-at="2021-05-24T11:09:35Z" finished-at="2021-05-24T11:09:35Z">
          <reporter-output>
          </reporter-output>
        </test-method> <!-- tearDownClass -->
      </class> <!-- com.db.Runner.TestRunner -->
    </test> <!-- Default test -->
  </suite> <!-- Default suite -->
</testng-results>
